Arguments: 
  C:\Program Files\nodejs\node.exe C:\Users\adamp\AppData\Roaming\npm\node_modules\yarn\bin\yarn.js add mine-types

PATH: 
  C:\app\adamp\product\18.0.0\dbhomeXE\bin;C:\Program Files (x86)\Common Files\Intel\Shared Libraries\redist\intel64\compiler;C:\Program Files (x86)\Common Files\Oracle\Java\javapath;C:\Windows\system32;C:\Windows;C:\Windows\System32\Wbem;C:\Windows\System32\WindowsPowerShell\v1.0\;C:\Windows\System32\OpenSSH\;C:\Program Files\NVIDIA Corporation\NVIDIA NvDLISR;C:\Program Files (x86)\NVIDIA Corporation\PhysX\Common;C:\Program Files\dotnet\;C:\Program Files\Microsoft SQL Server\130\Tools\Binn\;C:\WINDOWS\system32;C:\WINDOWS;C:\WINDOWS\System32\Wbem;C:\WINDOWS\System32\WindowsPowerShell\v1.0\;C:\WINDOWS\System32\OpenSSH\;C:\Program Files\Microsoft SQL Server\Client SDK\ODBC\170\Tools\Binn\;C:\Program Files (x86)\AOMEI\AOMEI Backupper\6.9.1;C:\Program Files\Git\cmd;C:\Program Files\nodejs\;C:\Users\adamp\AppData\Local\Microsoft\WindowsApps;C:\Users\adamp\.dotnet\tools;C:\Users\adamp\AppData\Local\gitkraken\bin;C:\Users\adamp\AppData\Local\Programs\Microsoft VS Code\bin;C:\Users\adamp\.dotnet\tools;C:\Users\adamp\AppData\Local\Microsoft\WindowsApps;C:\Users\adamp\AppData\Roaming\npm

Yarn version: 
  1.22.19

Node version: 
  18.9.0

Platform: 
  win32 x64

Trace: 
  Error: https://registry.yarnpkg.com/mine-types: Not found
      at params.callback [as _callback] (C:\Users\adamp\AppData\Roaming\npm\node_modules\yarn\lib\cli.js:66145:18)
      at self.callback (C:\Users\adamp\AppData\Roaming\npm\node_modules\yarn\lib\cli.js:140890:22)
      at Request.emit (node:events:513:28)
      at Request.<anonymous> (C:\Users\adamp\AppData\Roaming\npm\node_modules\yarn\lib\cli.js:141862:10)
      at Request.emit (node:events:513:28)
      at IncomingMessage.<anonymous> (C:\Users\adamp\AppData\Roaming\npm\node_modules\yarn\lib\cli.js:141784:12)
      at Object.onceWrapper (node:events:627:28)
      at IncomingMessage.emit (node:events:525:35)
      at endReadableNT (node:internal/streams/readable:1359:12)
      at process.processTicksAndRejections (node:internal/process/task_queues:82:21)

npm manifest: 
  {
    "name": "COMP229-week2",
    "version": "1.0.0",
    "description": "Demo",
    "main": "server.js",
    "scripts": {
      "test": "echo \"Error: no test specified\" && exit 1"
    },
    "author": "adam",
    "license": "ISC"
  }

yarn manifest: 
  No manifest

Lockfile: 
  No lockfile
